# JRE version: OpenJDK Runtime Environment Corretto-17.0.6.10.1 (17.0.6+10) (build 17.0.6+10-LTS)
# Java VM: OpenJDK 64-Bit Server VM Corretto-17.0.6.10.1 (17.0.6+10-LTS, mixed mode, sharing, tiered, compressed oops, compressed class ptrs, g1 gc, linux-amd64)
GC Precious Log:
 CPUs: 4 total, 4 available
 Memory: 15890M
 Large Page Support: Disabled
 NUMA Support: Disabled
 Compressed Oops: Enabled (Zero based)
 Heap Region Size: 2M
 Heap Min Capacity: 8M
 Heap Initial Capacity: 250M
 Heap Max Capacity: 3974M
 Pre-touch: Disabled
 Parallel Workers: 4
 Concurrent Workers: 1
 Concurrent Refinement Workers: 4
 Periodic GC: Disabled
Heap:
 garbage-first heap   total 159744K, used 29355K [0x0000000707a00000, 0x0000000800000000)
  region size 2048K, 10 young (20480K), 1 survivors (2048K)
 Metaspace       used 31716K, committed 32192K, reserved 1081344K
  class space    used 3981K, committed 4224K, reserved 1048576K
GC Heap History (12 events):
Event: 0,537 GC heap before
{Heap before GC invocations=0 (full 0):
 garbage-first heap   total 260096K, used 14304K [0x0000000707a00000, 0x0000000800000000)
  region size 2048K, 6 young (12288K), 0 survivors (0K)
 Metaspace       used 4048K, committed 4160K, reserved 1056768K
  class space    used 451K, committed 512K, reserved 1048576K
}
Event: 0,543 GC heap after
{Heap after GC invocations=1 (full 0):
 garbage-first heap   total 260096K, used 5686K [0x0000000707a00000, 0x0000000800000000)
  region size 2048K, 1 young (2048K), 1 survivors (2048K)
 Metaspace       used 4048K, committed 4160K, reserved 1056768K
  class space    used 451K, committed 512K, reserved 1048576K
}
Event: 0,923 GC heap before
{Heap before GC invocations=1 (full 0):
 garbage-first heap   total 260096K, used 17974K [0x0000000707a00000, 0x0000000800000000)
  region size 2048K, 7 young (14336K), 1 survivors (2048K)
 Metaspace       used 7263K, committed 7424K, reserved 1056768K
  class space    used 890K, committed 960K, reserved 1048576K
}
Event: 0,927 GC heap after
{Heap after GC invocations=2 (full 0):
 garbage-first heap   total 260096K, used 6714K [0x0000000707a00000, 0x0000000800000000)
  region size 2048K, 1 young (2048K), 1 survivors (2048K)
 Metaspace       used 7263K, committed 7424K, reserved 1056768K
  class space    used 890K, committed 960K, reserved 1048576K
}
Event: 1,763 GC heap before
{Heap before GC invocations=2 (full 0):
 garbage-first heap   total 260096K, used 33338K [0x0000000707a00000, 0x0000000800000000)
  region size 2048K, 15 young (30720K), 1 survivors (2048K)
 Metaspace       used 14784K, committed 15040K, reserved 1064960K
  class space    used 1828K, committed 1984K, reserved 1048576K
}
Event: 1,781 GC heap after
{Heap after GC invocations=3 (full 0):
 garbage-first heap   total 260096K, used 8811K [0x0000000707a00000, 0x0000000800000000)
  region size 2048K, 2 young (4096K), 2 survivors (4096K)
 Metaspace       used 14784K, committed 15040K, reserved 1064960K
  class space    used 1828K, committed 1984K, reserved 1048576K
}
Event: 2,856 GC heap before
{Heap before GC invocations=3 (full 0):
 garbage-first heap   total 260096K, used 41579K [0x0000000707a00000, 0x0000000800000000)
  region size 2048K, 19 young (38912K), 2 survivors (4096K)
 Metaspace       used 21170K, committed 21504K, reserved 1073152K
  class space    used 2655K, committed 2816K, reserved 1048576K
}
Event: 2,872 GC heap after
{Heap after GC invocations=4 (full 0):
 garbage-first heap   total 260096K, used 11847K [0x0000000707a00000, 0x0000000800000000)
  region size 2048K, 4 young (8192K), 4 survivors (8192K)
 Metaspace       used 21170K, committed 21504K, reserved 1073152K
  class space    used 2655K, committed 2816K, reserved 1048576K
}
Event: 3,642 GC heap before
{Heap before GC invocations=5 (full 0):
 garbage-first heap   total 61440K, used 40519K [0x0000000707a00000, 0x0000000800000000)
  region size 2048K, 18 young (36864K), 4 survivors (8192K)
 Metaspace       used 26535K, committed 26944K, reserved 1073152K
  class space    used 3332K, committed 3520K, reserved 1048576K
}
Event: 3,651 GC heap after
{Heap after GC invocations=6 (full 0):
 garbage-first heap   total 61440K, used 14712K [0x0000000707a00000, 0x0000000800000000)
  region size 2048K, 3 young (6144K), 3 survivors (6144K)
 Metaspace       used 26535K, committed 26944K, reserved 1073152K
  class space    used 3332K, committed 3520K, reserved 1048576K
}
Event: 15,630 GC heap before
{Heap before GC invocations=6 (full 0):
 garbage-first heap   total 61440K, used 16760K [0x0000000707a00000, 0x0000000800000000)
  region size 2048K, 4 young (8192K), 3 survivors (6144K)
 Metaspace       used 27304K, committed 27712K, reserved 1073152K
  class space    used 3424K, committed 3648K, reserved 1048576K
}
Event: 15,635 GC heap after
{Heap after GC invocations=7 (full 0):
 garbage-first heap   total 159744K, used 15019K [0x0000000707a00000, 0x0000000800000000)
  region size 2048K, 1 young (2048K), 1 survivors (2048K)
 Metaspace       used 27304K, committed 27712K, reserved 1073152K
  class space    used 3424K, committed 3648K, reserved 1048576K
}

